D:\My\DotNetCore\MVCandAngular\ClientApp\app\Components\appComponent\app.head.js
D:\My\DotNetCore\MVCandAngular\ClientApp\app\Components\appComponent\app.head.js.map
D:\My\DotNetCore\MVCandAngular\ClientApp\app\Models\product.js
D:\My\DotNetCore\MVCandAngular\ClientApp\app\Models\product.js.map
D:\My\DotNetCore\MVCandAngular\ClientApp\app\Components\productsComponent\product-form.js
D:\My\DotNetCore\MVCandAngular\ClientApp\app\Components\productsComponent\product-form.js.map
D:\My\DotNetCore\MVCandAngular\ClientApp\app\Services\data.products.service.js
D:\My\DotNetCore\MVCandAngular\ClientApp\app\Services\data.products.service.js.map
D:\My\DotNetCore\MVCandAngular\ClientApp\app\Components\productsComponent\product-list.js
D:\My\DotNetCore\MVCandAngular\ClientApp\app\Components\productsComponent\product-list.js.map
D:\My\DotNetCore\MVCandAngular\ClientApp\app\Components\productsComponent\product-edit.js
D:\My\DotNetCore\MVCandAngular\ClientApp\app\Components\productsComponent\product-edit.js.map
D:\My\DotNetCore\MVCandAngular\ClientApp\app\Components\productsComponent\product-create.js
D:\My\DotNetCore\MVCandAngular\ClientApp\app\Components\productsComponent\product-create.js.map
D:\My\DotNetCore\MVCandAngular\ClientApp\app\Services\data.shop.service.js
D:\My\DotNetCore\MVCandAngular\ClientApp\app\Services\data.shop.service.js.map
D:\My\DotNetCore\MVCandAngular\ClientApp\app\Components\shopComponent\product-list.js
D:\My\DotNetCore\MVCandAngular\ClientApp\app\Components\shopComponent\product-list.js.map
D:\My\DotNetCore\MVCandAngular\ClientApp\app\Components\shopComponent\product-details.js
D:\My\DotNetCore\MVCandAngular\ClientApp\app\Components\shopComponent\product-details.js.map
D:\My\DotNetCore\MVCandAngular\ClientApp\app\Models\user.js
D:\My\DotNetCore\MVCandAngular\ClientApp\app\Models\user.js.map
D:\My\DotNetCore\MVCandAngular\ClientApp\app\Services\data.user.service.js
D:\My\DotNetCore\MVCandAngular\ClientApp\app\Services\data.user.service.js.map
D:\My\DotNetCore\MVCandAngular\ClientApp\app\Models\address.js
D:\My\DotNetCore\MVCandAngular\ClientApp\app\Models\address.js.map
D:\My\DotNetCore\MVCandAngular\ClientApp\app\Services\data.user.address.service.js
D:\My\DotNetCore\MVCandAngular\ClientApp\app\Services\data.user.address.service.js.map
D:\My\DotNetCore\MVCandAngular\ClientApp\app\Services\data.user.cart.service.js
D:\My\DotNetCore\MVCandAngular\ClientApp\app\Services\data.user.cart.service.js.map
D:\My\DotNetCore\MVCandAngular\ClientApp\app\Models\cart.js
D:\My\DotNetCore\MVCandAngular\ClientApp\app\Models\cart.js.map
D:\My\DotNetCore\MVCandAngular\ClientApp\app\Components\fullUserComponent\full-user.js
D:\My\DotNetCore\MVCandAngular\ClientApp\app\Components\fullUserComponent\full-user.js.map
D:\My\DotNetCore\MVCandAngular\ClientApp\app\Components\userComponent\user-information.js
D:\My\DotNetCore\MVCandAngular\ClientApp\app\Components\userComponent\user-information.js.map
D:\My\DotNetCore\MVCandAngular\ClientApp\app\Components\userComponent\user-form.js
D:\My\DotNetCore\MVCandAngular\ClientApp\app\Components\userComponent\user-form.js.map
D:\My\DotNetCore\MVCandAngular\ClientApp\app\Components\userComponent\user-edit.js
D:\My\DotNetCore\MVCandAngular\ClientApp\app\Components\userComponent\user-edit.js.map
D:\My\DotNetCore\MVCandAngular\ClientApp\app\Components\addressesComponent\address-list.js
D:\My\DotNetCore\MVCandAngular\ClientApp\app\Components\addressesComponent\address-list.js.map
D:\My\DotNetCore\MVCandAngular\ClientApp\app\Components\addressesComponent\address-form.js
D:\My\DotNetCore\MVCandAngular\ClientApp\app\Components\addressesComponent\address-form.js.map
D:\My\DotNetCore\MVCandAngular\ClientApp\app\Components\addressesComponent\address-create.js
D:\My\DotNetCore\MVCandAngular\ClientApp\app\Components\addressesComponent\address-create.js.map
D:\My\DotNetCore\MVCandAngular\ClientApp\app\Components\addressesComponent\address-edit.js
D:\My\DotNetCore\MVCandAngular\ClientApp\app\Components\addressesComponent\address-edit.js.map
D:\My\DotNetCore\MVCandAngular\ClientApp\app\Components\cartComponent\cart-product-list.js
D:\My\DotNetCore\MVCandAngular\ClientApp\app\Components\cartComponent\cart-product-list.js.map
D:\My\DotNetCore\MVCandAngular\ClientApp\app\Services\data.news.service.js
D:\My\DotNetCore\MVCandAngular\ClientApp\app\Services\data.news.service.js.map
D:\My\DotNetCore\MVCandAngular\ClientApp\app\Models\news.js
D:\My\DotNetCore\MVCandAngular\ClientApp\app\Models\news.js.map
D:\My\DotNetCore\MVCandAngular\ClientApp\app\Models\channel.js
D:\My\DotNetCore\MVCandAngular\ClientApp\app\Models\channel.js.map
D:\My\DotNetCore\MVCandAngular\ClientApp\app\Components\newsComponent\news.js
D:\My\DotNetCore\MVCandAngular\ClientApp\app\Components\newsComponent\news.js.map
D:\My\DotNetCore\MVCandAngular\ClientApp\app\Services\data.bank.service.js
D:\My\DotNetCore\MVCandAngular\ClientApp\app\Services\data.bank.service.js.map
D:\My\DotNetCore\MVCandAngular\ClientApp\app\Models\Bank\Currency.js
D:\My\DotNetCore\MVCandAngular\ClientApp\app\Models\Bank\Currency.js.map
D:\My\DotNetCore\MVCandAngular\ClientApp\app\Models\Bank\Rate.js
D:\My\DotNetCore\MVCandAngular\ClientApp\app\Models\Bank\Rate.js.map
D:\My\DotNetCore\MVCandAngular\ClientApp\app\Components\bankCompoment\bank.js
D:\My\DotNetCore\MVCandAngular\ClientApp\app\Components\bankCompoment\bank.js.map
D:\My\DotNetCore\MVCandAngular\ClientApp\app\Components\chartComponent\chart.js
D:\My\DotNetCore\MVCandAngular\ClientApp\app\Components\chartComponent\chart.js.map
D:\My\DotNetCore\MVCandAngular\ClientApp\app\Models\Bank\MonthRate.js
D:\My\DotNetCore\MVCandAngular\ClientApp\app\Models\Bank\MonthRate.js.map
D:\My\DotNetCore\MVCandAngular\ClientApp\app\Components\bankCompoment\month-rates-table.js
D:\My\DotNetCore\MVCandAngular\ClientApp\app\Components\bankCompoment\month-rates-table.js.map
D:\My\DotNetCore\MVCandAngular\ClientApp\app\Components\bankCompoment\rate-section.js
D:\My\DotNetCore\MVCandAngular\ClientApp\app\Components\bankCompoment\rate-section.js.map
D:\My\DotNetCore\MVCandAngular\ClientApp\app\Components\bankCompoment\convertor-section.js
D:\My\DotNetCore\MVCandAngular\ClientApp\app\Components\bankCompoment\convertor-section.js.map
D:\My\DotNetCore\MVCandAngular\ClientApp\app\Components\bankCompoment\default-rates-section.js
D:\My\DotNetCore\MVCandAngular\ClientApp\app\Components\bankCompoment\default-rates-section.js.map
D:\My\DotNetCore\MVCandAngular\ClientApp\app\Components\oilComponent\oil.js
D:\My\DotNetCore\MVCandAngular\ClientApp\app\Components\oilComponent\oil.js.map
D:\My\DotNetCore\MVCandAngular\ClientApp\app\app.module.js
D:\My\DotNetCore\MVCandAngular\ClientApp\app\app.module.js.map
D:\My\DotNetCore\MVCandAngular\ClientApp\main.js
D:\My\DotNetCore\MVCandAngular\ClientApp\main.js.map
D:\My\DotNetCore\MVCandAngular\ClientApp\polyfills.js
D:\My\DotNetCore\MVCandAngular\ClientApp\polyfills.js.map
