C:\Users\paveldavidovsky\Documents\Visual Studio 2017\Projects\DotNetCoreSolution\MVCandAngular\ClientApp\app\Components\appComponent\app.head.js
C:\Users\paveldavidovsky\Documents\Visual Studio 2017\Projects\DotNetCoreSolution\MVCandAngular\ClientApp\app\Components\appComponent\app.head.js.map
C:\Users\paveldavidovsky\Documents\Visual Studio 2017\Projects\DotNetCoreSolution\MVCandAngular\ClientApp\app\Models\product.js
C:\Users\paveldavidovsky\Documents\Visual Studio 2017\Projects\DotNetCoreSolution\MVCandAngular\ClientApp\app\Models\product.js.map
C:\Users\paveldavidovsky\Documents\Visual Studio 2017\Projects\DotNetCoreSolution\MVCandAngular\ClientApp\app\Components\productsComponent\product-form.js
C:\Users\paveldavidovsky\Documents\Visual Studio 2017\Projects\DotNetCoreSolution\MVCandAngular\ClientApp\app\Components\productsComponent\product-form.js.map
C:\Users\paveldavidovsky\Documents\Visual Studio 2017\Projects\DotNetCoreSolution\MVCandAngular\ClientApp\app\Services\data.products.service.js
C:\Users\paveldavidovsky\Documents\Visual Studio 2017\Projects\DotNetCoreSolution\MVCandAngular\ClientApp\app\Services\data.products.service.js.map
C:\Users\paveldavidovsky\Documents\Visual Studio 2017\Projects\DotNetCoreSolution\MVCandAngular\ClientApp\app\Components\productsComponent\product-list.js
C:\Users\paveldavidovsky\Documents\Visual Studio 2017\Projects\DotNetCoreSolution\MVCandAngular\ClientApp\app\Components\productsComponent\product-list.js.map
C:\Users\paveldavidovsky\Documents\Visual Studio 2017\Projects\DotNetCoreSolution\MVCandAngular\ClientApp\app\Components\productsComponent\product-edit.js
C:\Users\paveldavidovsky\Documents\Visual Studio 2017\Projects\DotNetCoreSolution\MVCandAngular\ClientApp\app\Components\productsComponent\product-edit.js.map
C:\Users\paveldavidovsky\Documents\Visual Studio 2017\Projects\DotNetCoreSolution\MVCandAngular\ClientApp\app\Components\productsComponent\product-create.js
C:\Users\paveldavidovsky\Documents\Visual Studio 2017\Projects\DotNetCoreSolution\MVCandAngular\ClientApp\app\Components\productsComponent\product-create.js.map
C:\Users\paveldavidovsky\Documents\Visual Studio 2017\Projects\DotNetCoreSolution\MVCandAngular\ClientApp\app\Services\data.shop.service.js
C:\Users\paveldavidovsky\Documents\Visual Studio 2017\Projects\DotNetCoreSolution\MVCandAngular\ClientApp\app\Services\data.shop.service.js.map
C:\Users\paveldavidovsky\Documents\Visual Studio 2017\Projects\DotNetCoreSolution\MVCandAngular\ClientApp\app\Components\shopComponent\product-list.js
C:\Users\paveldavidovsky\Documents\Visual Studio 2017\Projects\DotNetCoreSolution\MVCandAngular\ClientApp\app\Components\shopComponent\product-list.js.map
C:\Users\paveldavidovsky\Documents\Visual Studio 2017\Projects\DotNetCoreSolution\MVCandAngular\ClientApp\app\Components\shopComponent\product-details.js
C:\Users\paveldavidovsky\Documents\Visual Studio 2017\Projects\DotNetCoreSolution\MVCandAngular\ClientApp\app\Components\shopComponent\product-details.js.map
C:\Users\paveldavidovsky\Documents\Visual Studio 2017\Projects\DotNetCoreSolution\MVCandAngular\ClientApp\app\Models\user.js
C:\Users\paveldavidovsky\Documents\Visual Studio 2017\Projects\DotNetCoreSolution\MVCandAngular\ClientApp\app\Models\user.js.map
C:\Users\paveldavidovsky\Documents\Visual Studio 2017\Projects\DotNetCoreSolution\MVCandAngular\ClientApp\app\Services\data.user.service.js
C:\Users\paveldavidovsky\Documents\Visual Studio 2017\Projects\DotNetCoreSolution\MVCandAngular\ClientApp\app\Services\data.user.service.js.map
C:\Users\paveldavidovsky\Documents\Visual Studio 2017\Projects\DotNetCoreSolution\MVCandAngular\ClientApp\app\Models\address.js
C:\Users\paveldavidovsky\Documents\Visual Studio 2017\Projects\DotNetCoreSolution\MVCandAngular\ClientApp\app\Models\address.js.map
C:\Users\paveldavidovsky\Documents\Visual Studio 2017\Projects\DotNetCoreSolution\MVCandAngular\ClientApp\app\Services\data.user.address.service.js
C:\Users\paveldavidovsky\Documents\Visual Studio 2017\Projects\DotNetCoreSolution\MVCandAngular\ClientApp\app\Services\data.user.address.service.js.map
C:\Users\paveldavidovsky\Documents\Visual Studio 2017\Projects\DotNetCoreSolution\MVCandAngular\ClientApp\app\Services\data.user.cart.service.js
C:\Users\paveldavidovsky\Documents\Visual Studio 2017\Projects\DotNetCoreSolution\MVCandAngular\ClientApp\app\Services\data.user.cart.service.js.map
C:\Users\paveldavidovsky\Documents\Visual Studio 2017\Projects\DotNetCoreSolution\MVCandAngular\ClientApp\app\Models\cart.js
C:\Users\paveldavidovsky\Documents\Visual Studio 2017\Projects\DotNetCoreSolution\MVCandAngular\ClientApp\app\Models\cart.js.map
C:\Users\paveldavidovsky\Documents\Visual Studio 2017\Projects\DotNetCoreSolution\MVCandAngular\ClientApp\app\Components\fullUserComponent\full-user.js
C:\Users\paveldavidovsky\Documents\Visual Studio 2017\Projects\DotNetCoreSolution\MVCandAngular\ClientApp\app\Components\fullUserComponent\full-user.js.map
C:\Users\paveldavidovsky\Documents\Visual Studio 2017\Projects\DotNetCoreSolution\MVCandAngular\ClientApp\app\Components\userComponent\user-information.js
C:\Users\paveldavidovsky\Documents\Visual Studio 2017\Projects\DotNetCoreSolution\MVCandAngular\ClientApp\app\Components\userComponent\user-information.js.map
C:\Users\paveldavidovsky\Documents\Visual Studio 2017\Projects\DotNetCoreSolution\MVCandAngular\ClientApp\app\Components\userComponent\user-form.js
C:\Users\paveldavidovsky\Documents\Visual Studio 2017\Projects\DotNetCoreSolution\MVCandAngular\ClientApp\app\Components\userComponent\user-form.js.map
C:\Users\paveldavidovsky\Documents\Visual Studio 2017\Projects\DotNetCoreSolution\MVCandAngular\ClientApp\app\Components\userComponent\user-edit.js
C:\Users\paveldavidovsky\Documents\Visual Studio 2017\Projects\DotNetCoreSolution\MVCandAngular\ClientApp\app\Components\userComponent\user-edit.js.map
C:\Users\paveldavidovsky\Documents\Visual Studio 2017\Projects\DotNetCoreSolution\MVCandAngular\ClientApp\app\Components\addressesComponent\address-list.js
C:\Users\paveldavidovsky\Documents\Visual Studio 2017\Projects\DotNetCoreSolution\MVCandAngular\ClientApp\app\Components\addressesComponent\address-list.js.map
C:\Users\paveldavidovsky\Documents\Visual Studio 2017\Projects\DotNetCoreSolution\MVCandAngular\ClientApp\app\Components\addressesComponent\address-form.js
C:\Users\paveldavidovsky\Documents\Visual Studio 2017\Projects\DotNetCoreSolution\MVCandAngular\ClientApp\app\Components\addressesComponent\address-form.js.map
C:\Users\paveldavidovsky\Documents\Visual Studio 2017\Projects\DotNetCoreSolution\MVCandAngular\ClientApp\app\Components\addressesComponent\address-create.js
C:\Users\paveldavidovsky\Documents\Visual Studio 2017\Projects\DotNetCoreSolution\MVCandAngular\ClientApp\app\Components\addressesComponent\address-create.js.map
C:\Users\paveldavidovsky\Documents\Visual Studio 2017\Projects\DotNetCoreSolution\MVCandAngular\ClientApp\app\Components\addressesComponent\address-edit.js
C:\Users\paveldavidovsky\Documents\Visual Studio 2017\Projects\DotNetCoreSolution\MVCandAngular\ClientApp\app\Components\addressesComponent\address-edit.js.map
C:\Users\paveldavidovsky\Documents\Visual Studio 2017\Projects\DotNetCoreSolution\MVCandAngular\ClientApp\app\Components\cartComponent\cart-product-list.js
C:\Users\paveldavidovsky\Documents\Visual Studio 2017\Projects\DotNetCoreSolution\MVCandAngular\ClientApp\app\Components\cartComponent\cart-product-list.js.map
C:\Users\paveldavidovsky\Documents\Visual Studio 2017\Projects\DotNetCoreSolution\MVCandAngular\ClientApp\app\app.module.js
C:\Users\paveldavidovsky\Documents\Visual Studio 2017\Projects\DotNetCoreSolution\MVCandAngular\ClientApp\app\app.module.js.map
C:\Users\paveldavidovsky\Documents\Visual Studio 2017\Projects\DotNetCoreSolution\MVCandAngular\ClientApp\main.js
C:\Users\paveldavidovsky\Documents\Visual Studio 2017\Projects\DotNetCoreSolution\MVCandAngular\ClientApp\main.js.map
C:\Users\paveldavidovsky\Documents\Visual Studio 2017\Projects\DotNetCoreSolution\MVCandAngular\ClientApp\polyfills.js
C:\Users\paveldavidovsky\Documents\Visual Studio 2017\Projects\DotNetCoreSolution\MVCandAngular\ClientApp\polyfills.js.map
